<?xml version="1.0" encoding="UTF-8"?>
<!-- Generated by org.testng.reporters.JUnitReportReporter -->
<testsuite skipped="0" hostname="Ankurs-MacBook-Pro.local" name="testCases.chrome" tests="1" failures="0" timestamp="13 Nov 2018 16:36:36 GMT" time="11.988" errors="0">
  <testcase name="verifySharedProof" time="11.988" classname="testCases.chrome"/>
</testsuite> <!-- testCases.chrome -->
