<?xml version="1.0" encoding="UTF-8"?>
<!-- Generated by org.testng.reporters.JUnitReportReporter -->
<testsuite skipped="0" hostname="Ankurs-MacBook-Pro.local" name="testCases.firstCryTest" tests="3" failures="0" timestamp="16 Nov 2018 10:17:13 GMT" time="8.832" errors="0">
  <testcase name="validateSuggestionTest" time="8.051" classname="testCases.firstCryTest"/>
  <testcase name="validateContactUs" time="0.521" classname="testCases.firstCryTest"/>
  <testcase name="validatePuzzleSubMenu" time="0.260" classname="testCases.firstCryTest"/>
</testsuite> <!-- testCases.firstCryTest -->
