<?xml version="1.0" encoding="UTF-8"?>
<!-- Generated by org.testng.reporters.JUnitReportReporter -->
<testsuite skipped="0" hostname="Ankurs-MacBook-Pro.local" name="testCases.coviamTest" tests="4" failures="0" timestamp="25 Nov 2018 09:31:21 GMT" time="5.226" errors="0">
  <testcase name="validateAddTodo" time="4.721" classname="testCases.coviamTest"/>
  <testcase name="validateTodoComplete" time="0.206" classname="testCases.coviamTest"/>
  <testcase name="validateDeleteTodoComplete" time="0.234" classname="testCases.coviamTest"/>
  <testcase name="validateClearCompleteTodo" time="0.065" classname="testCases.coviamTest"/>
</testsuite> <!-- testCases.coviamTest -->
